<?xml version="1.0" encoding="UTF-8"?>
<testsuite xmlns:xsi="http://www.w3.org/2001/XMLSchema-instance" xsi:noNamespaceSchemaLocation="https://maven.apache.org/surefire/maven-surefire-plugin/xsd/surefire-test-report-3.0.xsd" version="3.0" name="TestSuite" time="69.339" tests="2" errors="0" skipped="0" failures="0">
  <properties>
    <property name="java.specification.version" value="17"/>
    <property name="webdriver.chrome.driver" value="C:\Users\nbmad\.m2\repository\webdriver\chromedriver\win32\107.0.5304.62\chromedriver.exe"/>
    <property name="sun.cpu.isalist" value="amd64"/>
    <property name="sun.jnu.encoding" value="Cp1252"/>
    <property name="java.class.path" value="C:\Users\nbmad\Documents\workspace-spring-tool-suite\TestNGdemo\target\test-classes;C:\Users\nbmad\Documents\workspace-spring-tool-suite\TestNGdemo\target\classes;C:\Users\nbmad\.m2\repository\org\seleniumhq\selenium\selenium-java\3.4.0\selenium-java-3.4.0.jar;C:\Users\nbmad\.m2\repository\org\seleniumhq\selenium\selenium-api\3.4.0\selenium-api-3.4.0.jar;C:\Users\nbmad\.m2\repository\org\seleniumhq\selenium\selenium-chrome-driver\3.4.0\selenium-chrome-driver-3.4.0.jar;C:\Users\nbmad\.m2\repository\org\seleniumhq\selenium\selenium-edge-driver\3.4.0\selenium-edge-driver-3.4.0.jar;C:\Users\nbmad\.m2\repository\org\seleniumhq\selenium\selenium-firefox-driver\3.4.0\selenium-firefox-driver-3.4.0.jar;C:\Users\nbmad\.m2\repository\org\seleniumhq\selenium\selenium-ie-driver\3.4.0\selenium-ie-driver-3.4.0.jar;C:\Users\nbmad\.m2\repository\org\seleniumhq\selenium\selenium-opera-driver\3.4.0\selenium-opera-driver-3.4.0.jar;C:\Users\nbmad\.m2\repository\org\seleniumhq\selenium\selenium-remote-driver\3.4.0\selenium-remote-driver-3.4.0.jar;C:\Users\nbmad\.m2\repository\org\seleniumhq\selenium\selenium-safari-driver\3.4.0\selenium-safari-driver-3.4.0.jar;C:\Users\nbmad\.m2\repository\org\seleniumhq\selenium\selenium-support\3.4.0\selenium-support-3.4.0.jar;C:\Users\nbmad\.m2\repository\cglib\cglib-nodep\3.2.4\cglib-nodep-3.2.4.jar;C:\Users\nbmad\.m2\repository\org\apache\commons\commons-exec\1.3\commons-exec-1.3.jar;C:\Users\nbmad\.m2\repository\org\apache\commons\commons-lang3\3.5\commons-lang3-3.5.jar;C:\Users\nbmad\.m2\repository\commons-codec\commons-codec\1.10\commons-codec-1.10.jar;C:\Users\nbmad\.m2\repository\commons-io\commons-io\2.5\commons-io-2.5.jar;C:\Users\nbmad\.m2\repository\commons-logging\commons-logging\1.2\commons-logging-1.2.jar;C:\Users\nbmad\.m2\repository\org\w3c\css\sac\1.3\sac-1.3.jar;C:\Users\nbmad\.m2\repository\net\sourceforge\cssparser\cssparser\0.9.22\cssparser-0.9.22.jar;C:\Users\nbmad\.m2\repository\com\google\code\gson\gson\2.8.0\gson-2.8.0.jar;C:\Users\nbmad\.m2\repository\com\google\guava\guava\21.0\guava-21.0.jar;C:\Users\nbmad\.m2\repository\org\hamcrest\hamcrest-core\1.3\hamcrest-core-1.3.jar;C:\Users\nbmad\.m2\repository\net\sourceforge\htmlunit\htmlunit\2.26\htmlunit-2.26.jar;C:\Users\nbmad\.m2\repository\net\sourceforge\htmlunit\htmlunit-core-js\2.26\htmlunit-core-js-2.26.jar;C:\Users\nbmad\.m2\repository\net\sourceforge\htmlunit\neko-htmlunit\2.25\neko-htmlunit-2.25.jar;C:\Users\nbmad\.m2\repository\org\apache\httpcomponents\httpclient\4.5.3\httpclient-4.5.3.jar;C:\Users\nbmad\.m2\repository\org\apache\httpcomponents\httpcore\4.4.6\httpcore-4.4.6.jar;C:\Users\nbmad\.m2\repository\org\apache\httpcomponents\httpmime\4.5.3\httpmime-4.5.3.jar;C:\Users\nbmad\.m2\repository\org\eclipse\jetty\jetty-io\9.4.1.v20170120\jetty-io-9.4.1.v20170120.jar;C:\Users\nbmad\.m2\repository\org\eclipse\jetty\jetty-util\9.4.1.v20170120\jetty-util-9.4.1.v20170120.jar;C:\Users\nbmad\.m2\repository\net\java\dev\jna\jna\4.1.0\jna-4.1.0.jar;C:\Users\nbmad\.m2\repository\net\java\dev\jna\jna-platform\4.1.0\jna-platform-4.1.0.jar;C:\Users\nbmad\.m2\repository\junit\junit\4.12\junit-4.12.jar;C:\Users\nbmad\.m2\repository\com\codeborne\phantomjsdriver\1.4.0\phantomjsdriver-1.4.0.jar;C:\Users\nbmad\.m2\repository\org\seleniumhq\selenium\htmlunit-driver\2.26\htmlunit-driver-2.26.jar;C:\Users\nbmad\.m2\repository\javax\servlet\javax.servlet-api\3.1.0\javax.servlet-api-3.1.0.jar;C:\Users\nbmad\.m2\repository\org\eclipse\jetty\websocket\websocket-api\9.4.3.v20170317\websocket-api-9.4.3.v20170317.jar;C:\Users\nbmad\.m2\repository\org\eclipse\jetty\websocket\websocket-client\9.4.3.v20170317\websocket-client-9.4.3.v20170317.jar;C:\Users\nbmad\.m2\repository\org\eclipse\jetty\jetty-client\9.4.3.v20170317\jetty-client-9.4.3.v20170317.jar;C:\Users\nbmad\.m2\repository\org\eclipse\jetty\jetty-http\9.4.3.v20170317\jetty-http-9.4.3.v20170317.jar;C:\Users\nbmad\.m2\repository\org\eclipse\jetty\websocket\websocket-common\9.4.3.v20170317\websocket-common-9.4.3.v20170317.jar;C:\Users\nbmad\.m2\repository\xalan\serializer\2.7.2\serializer-2.7.2.jar;C:\Users\nbmad\.m2\repository\xalan\xalan\2.7.2\xalan-2.7.2.jar;C:\Users\nbmad\.m2\repository\xerces\xercesImpl\2.11.0\xercesImpl-2.11.0.jar;C:\Users\nbmad\.m2\repository\xml-apis\xml-apis\1.4.01\xml-apis-1.4.01.jar;C:\Users\nbmad\.m2\repository\io\github\bonigarcia\webdrivermanager\3.8.1\webdrivermanager-3.8.1.jar;C:\Users\nbmad\.m2\repository\org\slf4j\slf4j-api\1.7.25\slf4j-api-1.7.25.jar;C:\Users\nbmad\.m2\repository\org\rauschig\jarchivelib\1.0.0\jarchivelib-1.0.0.jar;C:\Users\nbmad\.m2\repository\org\jsoup\jsoup\1.11.3\jsoup-1.11.3.jar;C:\Users\nbmad\.m2\repository\org\testng\testng\7.4.0\testng-7.4.0.jar;C:\Users\nbmad\.m2\repository\com\beust\jcommander\1.78\jcommander-1.78.jar;C:\Users\nbmad\.m2\repository\org\webjars\jquery\3.5.1\jquery-3.5.1.jar;C:\Users\nbmad\.m2\repository\org\apache\logging\log4j\log4j-core\2.19.0\log4j-core-2.19.0.jar;C:\Users\nbmad\.m2\repository\org\apache\logging\log4j\log4j-api\2.19.0\log4j-api-2.19.0.jar;C:\Users\nbmad\.m2\repository\org\slf4j\slf4j-log4j12\1.7.30\slf4j-log4j12-1.7.30.jar;C:\Users\nbmad\.m2\repository\log4j\log4j\1.2.17\log4j-1.2.17.jar;C:\Users\nbmad\.m2\repository\org\apache\poi\poi\4.1.2\poi-4.1.2.jar;C:\Users\nbmad\.m2\repository\org\apache\commons\commons-collections4\4.4\commons-collections4-4.4.jar;C:\Users\nbmad\.m2\repository\org\apache\commons\commons-math3\3.6.1\commons-math3-3.6.1.jar;C:\Users\nbmad\.m2\repository\com\zaxxer\SparseBitSet\1.2\SparseBitSet-1.2.jar;C:\Users\nbmad\.m2\repository\org\json\json\20220320\json-20220320.jar;C:\Users\nbmad\.m2\repository\com\googlecode\json-simple\json-simple\1.1.1\json-simple-1.1.1.jar;C:\Users\nbmad\.m2\repository\org\apache\poi\poi-ooxml\4.1.2\poi-ooxml-4.1.2.jar;C:\Users\nbmad\.m2\repository\org\apache\poi\poi-ooxml-schemas\4.1.2\poi-ooxml-schemas-4.1.2.jar;C:\Users\nbmad\.m2\repository\org\apache\xmlbeans\xmlbeans\3.1.0\xmlbeans-3.1.0.jar;C:\Users\nbmad\.m2\repository\org\apache\commons\commons-compress\1.19\commons-compress-1.19.jar;C:\Users\nbmad\.m2\repository\com\github\virtuald\curvesapi\1.06\curvesapi-1.06.jar;C:\Users\nbmad\.m2\repository\com\relevantcodes\extentreports\2.41.2\extentreports-2.41.2.jar;C:\Users\nbmad\.m2\repository\org\xerial\sqlite-jdbc\3.8.11.1\sqlite-jdbc-3.8.11.1.jar;C:\Users\nbmad\.m2\repository\org\freemarker\freemarker\2.3.23\freemarker-2.3.23.jar;C:\Users\nbmad\.m2\repository\org\mongodb\mongodb-driver\3.0.4\mongodb-driver-3.0.4.jar;C:\Users\nbmad\.m2\repository\org\mongodb\bson\3.0.4\bson-3.0.4.jar;C:\Users\nbmad\.m2\repository\org\mongodb\mongodb-driver-core\3.0.4\mongodb-driver-core-3.0.4.jar;"/>
    <property name="java.vm.vendor" value="Eclipse Adoptium"/>
    <property name="sun.arch.data.model" value="64"/>
    <property name="user.variant" value=""/>
    <property name="java.vendor.url" value="https://adoptium.net/"/>
    <property name="user.timezone" value="Asia/Calcutta"/>
    <property name="os.name" value="Windows 10"/>
    <property name="java.vm.specification.version" value="17"/>
    <property name="sun.java.launcher" value="SUN_STANDARD"/>
    <property name="user.country" value="IN"/>
    <property name="sun.boot.library.path" value="C:\sts-4.12.1.RELEASE\plugins\org.eclipse.justj.openjdk.hotspot.jre.full.win32.x86_64_17.0.0.v20211012-1059\jre\bin"/>
    <property name="sun.java.command" value="C:\Users\nbmad\AppData\Local\Temp\surefire2014249448746653383\surefirebooter-20221119103234444_3.jar C:\Users\nbmad\AppData\Local\Temp\surefire2014249448746653383 2022-11-19T10-32-34_176-jvmRun1 surefire-20221119103234444_1tmp surefire_0-20221119103234444_2tmp"/>
    <property name="jdk.debug" value="release"/>
    <property name="surefire.test.class.path" value="C:\Users\nbmad\Documents\workspace-spring-tool-suite\TestNGdemo\target\test-classes;C:\Users\nbmad\Documents\workspace-spring-tool-suite\TestNGdemo\target\classes;C:\Users\nbmad\.m2\repository\org\seleniumhq\selenium\selenium-java\3.4.0\selenium-java-3.4.0.jar;C:\Users\nbmad\.m2\repository\org\seleniumhq\selenium\selenium-api\3.4.0\selenium-api-3.4.0.jar;C:\Users\nbmad\.m2\repository\org\seleniumhq\selenium\selenium-chrome-driver\3.4.0\selenium-chrome-driver-3.4.0.jar;C:\Users\nbmad\.m2\repository\org\seleniumhq\selenium\selenium-edge-driver\3.4.0\selenium-edge-driver-3.4.0.jar;C:\Users\nbmad\.m2\repository\org\seleniumhq\selenium\selenium-firefox-driver\3.4.0\selenium-firefox-driver-3.4.0.jar;C:\Users\nbmad\.m2\repository\org\seleniumhq\selenium\selenium-ie-driver\3.4.0\selenium-ie-driver-3.4.0.jar;C:\Users\nbmad\.m2\repository\org\seleniumhq\selenium\selenium-opera-driver\3.4.0\selenium-opera-driver-3.4.0.jar;C:\Users\nbmad\.m2\repository\org\seleniumhq\selenium\selenium-remote-driver\3.4.0\selenium-remote-driver-3.4.0.jar;C:\Users\nbmad\.m2\repository\org\seleniumhq\selenium\selenium-safari-driver\3.4.0\selenium-safari-driver-3.4.0.jar;C:\Users\nbmad\.m2\repository\org\seleniumhq\selenium\selenium-support\3.4.0\selenium-support-3.4.0.jar;C:\Users\nbmad\.m2\repository\cglib\cglib-nodep\3.2.4\cglib-nodep-3.2.4.jar;C:\Users\nbmad\.m2\repository\org\apache\commons\commons-exec\1.3\commons-exec-1.3.jar;C:\Users\nbmad\.m2\repository\org\apache\commons\commons-lang3\3.5\commons-lang3-3.5.jar;C:\Users\nbmad\.m2\repository\commons-codec\commons-codec\1.10\commons-codec-1.10.jar;C:\Users\nbmad\.m2\repository\commons-io\commons-io\2.5\commons-io-2.5.jar;C:\Users\nbmad\.m2\repository\commons-logging\commons-logging\1.2\commons-logging-1.2.jar;C:\Users\nbmad\.m2\repository\org\w3c\css\sac\1.3\sac-1.3.jar;C:\Users\nbmad\.m2\repository\net\sourceforge\cssparser\cssparser\0.9.22\cssparser-0.9.22.jar;C:\Users\nbmad\.m2\repository\com\google\code\gson\gson\2.8.0\gson-2.8.0.jar;C:\Users\nbmad\.m2\repository\com\google\guava\guava\21.0\guava-21.0.jar;C:\Users\nbmad\.m2\repository\org\hamcrest\hamcrest-core\1.3\hamcrest-core-1.3.jar;C:\Users\nbmad\.m2\repository\net\sourceforge\htmlunit\htmlunit\2.26\htmlunit-2.26.jar;C:\Users\nbmad\.m2\repository\net\sourceforge\htmlunit\htmlunit-core-js\2.26\htmlunit-core-js-2.26.jar;C:\Users\nbmad\.m2\repository\net\sourceforge\htmlunit\neko-htmlunit\2.25\neko-htmlunit-2.25.jar;C:\Users\nbmad\.m2\repository\org\apache\httpcomponents\httpclient\4.5.3\httpclient-4.5.3.jar;C:\Users\nbmad\.m2\repository\org\apache\httpcomponents\httpcore\4.4.6\httpcore-4.4.6.jar;C:\Users\nbmad\.m2\repository\org\apache\httpcomponents\httpmime\4.5.3\httpmime-4.5.3.jar;C:\Users\nbmad\.m2\repository\org\eclipse\jetty\jetty-io\9.4.1.v20170120\jetty-io-9.4.1.v20170120.jar;C:\Users\nbmad\.m2\repository\org\eclipse\jetty\jetty-util\9.4.1.v20170120\jetty-util-9.4.1.v20170120.jar;C:\Users\nbmad\.m2\repository\net\java\dev\jna\jna\4.1.0\jna-4.1.0.jar;C:\Users\nbmad\.m2\repository\net\java\dev\jna\jna-platform\4.1.0\jna-platform-4.1.0.jar;C:\Users\nbmad\.m2\repository\junit\junit\4.12\junit-4.12.jar;C:\Users\nbmad\.m2\repository\com\codeborne\phantomjsdriver\1.4.0\phantomjsdriver-1.4.0.jar;C:\Users\nbmad\.m2\repository\org\seleniumhq\selenium\htmlunit-driver\2.26\htmlunit-driver-2.26.jar;C:\Users\nbmad\.m2\repository\javax\servlet\javax.servlet-api\3.1.0\javax.servlet-api-3.1.0.jar;C:\Users\nbmad\.m2\repository\org\eclipse\jetty\websocket\websocket-api\9.4.3.v20170317\websocket-api-9.4.3.v20170317.jar;C:\Users\nbmad\.m2\repository\org\eclipse\jetty\websocket\websocket-client\9.4.3.v20170317\websocket-client-9.4.3.v20170317.jar;C:\Users\nbmad\.m2\repository\org\eclipse\jetty\jetty-client\9.4.3.v20170317\jetty-client-9.4.3.v20170317.jar;C:\Users\nbmad\.m2\repository\org\eclipse\jetty\jetty-http\9.4.3.v20170317\jetty-http-9.4.3.v20170317.jar;C:\Users\nbmad\.m2\repository\org\eclipse\jetty\websocket\websocket-common\9.4.3.v20170317\websocket-common-9.4.3.v20170317.jar;C:\Users\nbmad\.m2\repository\xalan\serializer\2.7.2\serializer-2.7.2.jar;C:\Users\nbmad\.m2\repository\xalan\xalan\2.7.2\xalan-2.7.2.jar;C:\Users\nbmad\.m2\repository\xerces\xercesImpl\2.11.0\xercesImpl-2.11.0.jar;C:\Users\nbmad\.m2\repository\xml-apis\xml-apis\1.4.01\xml-apis-1.4.01.jar;C:\Users\nbmad\.m2\repository\io\github\bonigarcia\webdrivermanager\3.8.1\webdrivermanager-3.8.1.jar;C:\Users\nbmad\.m2\repository\org\slf4j\slf4j-api\1.7.25\slf4j-api-1.7.25.jar;C:\Users\nbmad\.m2\repository\org\rauschig\jarchivelib\1.0.0\jarchivelib-1.0.0.jar;C:\Users\nbmad\.m2\repository\org\jsoup\jsoup\1.11.3\jsoup-1.11.3.jar;C:\Users\nbmad\.m2\repository\org\testng\testng\7.4.0\testng-7.4.0.jar;C:\Users\nbmad\.m2\repository\com\beust\jcommander\1.78\jcommander-1.78.jar;C:\Users\nbmad\.m2\repository\org\webjars\jquery\3.5.1\jquery-3.5.1.jar;C:\Users\nbmad\.m2\repository\org\apache\logging\log4j\log4j-core\2.19.0\log4j-core-2.19.0.jar;C:\Users\nbmad\.m2\repository\org\apache\logging\log4j\log4j-api\2.19.0\log4j-api-2.19.0.jar;C:\Users\nbmad\.m2\repository\org\slf4j\slf4j-log4j12\1.7.30\slf4j-log4j12-1.7.30.jar;C:\Users\nbmad\.m2\repository\log4j\log4j\1.2.17\log4j-1.2.17.jar;C:\Users\nbmad\.m2\repository\org\apache\poi\poi\4.1.2\poi-4.1.2.jar;C:\Users\nbmad\.m2\repository\org\apache\commons\commons-collections4\4.4\commons-collections4-4.4.jar;C:\Users\nbmad\.m2\repository\org\apache\commons\commons-math3\3.6.1\commons-math3-3.6.1.jar;C:\Users\nbmad\.m2\repository\com\zaxxer\SparseBitSet\1.2\SparseBitSet-1.2.jar;C:\Users\nbmad\.m2\repository\org\json\json\20220320\json-20220320.jar;C:\Users\nbmad\.m2\repository\com\googlecode\json-simple\json-simple\1.1.1\json-simple-1.1.1.jar;C:\Users\nbmad\.m2\repository\org\apache\poi\poi-ooxml\4.1.2\poi-ooxml-4.1.2.jar;C:\Users\nbmad\.m2\repository\org\apache\poi\poi-ooxml-schemas\4.1.2\poi-ooxml-schemas-4.1.2.jar;C:\Users\nbmad\.m2\repository\org\apache\xmlbeans\xmlbeans\3.1.0\xmlbeans-3.1.0.jar;C:\Users\nbmad\.m2\repository\org\apache\commons\commons-compress\1.19\commons-compress-1.19.jar;C:\Users\nbmad\.m2\repository\com\github\virtuald\curvesapi\1.06\curvesapi-1.06.jar;C:\Users\nbmad\.m2\repository\com\relevantcodes\extentreports\2.41.2\extentreports-2.41.2.jar;C:\Users\nbmad\.m2\repository\org\xerial\sqlite-jdbc\3.8.11.1\sqlite-jdbc-3.8.11.1.jar;C:\Users\nbmad\.m2\repository\org\freemarker\freemarker\2.3.23\freemarker-2.3.23.jar;C:\Users\nbmad\.m2\repository\org\mongodb\mongodb-driver\3.0.4\mongodb-driver-3.0.4.jar;C:\Users\nbmad\.m2\repository\org\mongodb\bson\3.0.4\bson-3.0.4.jar;C:\Users\nbmad\.m2\repository\org\mongodb\mongodb-driver-core\3.0.4\mongodb-driver-core-3.0.4.jar;"/>
    <property name="sun.cpu.endian" value="little"/>
    <property name="user.home" value="C:\Users\nbmad"/>
    <property name="user.language" value="en"/>
    <property name="java.specification.vendor" value="Oracle Corporation"/>
    <property name="java.version.date" value="2021-09-14"/>
    <property name="java.home" value="C:\sts-4.12.1.RELEASE\plugins\org.eclipse.justj.openjdk.hotspot.jre.full.win32.x86_64_17.0.0.v20211012-1059\jre"/>
    <property name="file.separator" value="\"/>
    <property name="style.color" value="always"/>
    <property name="basedir" value="C:\Users\nbmad\Documents\workspace-spring-tool-suite\TestNGdemo"/>
    <property name="java.vm.compressedOopsMode" value="32-bit"/>
    <property name="line.separator" value="&#10;"/>
    <property name="java.vm.specification.vendor" value="Oracle Corporation"/>
    <property name="java.specification.name" value="Java Platform API Specification"/>
    <property name="surefire.real.class.path" value="C:\Users\nbmad\AppData\Local\Temp\surefire2014249448746653383\surefirebooter-20221119103234444_3.jar"/>
    <property name="user.script" value=""/>
    <property name="sun.management.compiler" value="HotSpot 64-Bit Tiered Compilers"/>
    <property name="java.runtime.version" value="17+35"/>
    <property name="user.name" value="nbmad"/>
    <property name="path.separator" value=";"/>
    <property name="os.version" value="10.0"/>
    <property name="java.runtime.name" value="OpenJDK Runtime Environment"/>
    <property name="file.encoding" value="Cp1252"/>
    <property name="java.vm.name" value="OpenJDK 64-Bit Server VM"/>
    <property name="java.vendor.version" value="Temurin-17+35"/>
    <property name="localRepository" value="C:\Users\nbmad\.m2\repository"/>
    <property name="java.vendor.url.bug" value="https://github.com/adoptium/adoptium-support/issues"/>
    <property name="java.io.tmpdir" value="C:\Users\nbmad\AppData\Local\Temp\"/>
    <property name="java.version" value="17"/>
    <property name="user.dir" value="C:\Users\nbmad\Documents\workspace-spring-tool-suite\TestNGdemo"/>
    <property name="os.arch" value="amd64"/>
    <property name="java.vm.specification.name" value="Java Virtual Machine Specification"/>
    <property name="sun.os.patch.level" value=""/>
    <property name="native.encoding" value="Cp1252"/>
    <property name="java.library.path" value="C:\sts-4.12.1.RELEASE\plugins\org.eclipse.justj.openjdk.hotspot.jre.full.win32.x86_64_17.0.0.v20211012-1059\jre\bin;C:\WINDOWS\Sun\Java\bin;C:\WINDOWS\system32;C:\WINDOWS;C:/sts-4.12.1.RELEASE//plugins/org.eclipse.justj.openjdk.hotspot.jre.full.win32.x86_64_17.0.0.v20211012-1059/jre/bin/server;C:/sts-4.12.1.RELEASE//plugins/org.eclipse.justj.openjdk.hotspot.jre.full.win32.x86_64_17.0.0.v20211012-1059/jre/bin;C:\Program Files\Microsoft\jdk-11.0.12.7-hotspot\bin;C:\Program Files\Common Files\Oracle\Java\javapath;C:\Windows\system32;C:\Windows;C:\Windows\System32\Wbem;C:\Windows\System32\WindowsPowerShell\v1.0\;C:\Windows\System32\OpenSSH\;C:\Program Files (x86)\NVIDIA Corporation\PhysX\Common;C:\Program Files\NVIDIA Corporation\NVIDIA NvDLISR;C:\Program Files\Git\cmd;C:\Program Files\Docker\Docker\resources\bin;C:\ProgramData\DockerDesktop\version-bin;C:\xampp\php;C:\xampp\htdocs\ComposerSetup;C:\MinGW\bin;C:\WINDOWS\system32;C:\WINDOWS;C:\WINDOWS\System32\Wbem;C:\WINDOWS\System32\WindowsPowerShell\v1.0\;C:\WINDOWS\System32\OpenSSH\;C:\Program Files (x86)\MySQL\MySQL Server 5.5\bin;C:\Program Files\Maven\apache-maven-3.8.6\bin;C:\Program Files\MySQL\MySQL Shell 8.0\bin\;C:\Users\nbmad\AppData\Local\Microsoft\WindowsApps;C:\Program Files\JetBrains\PyCharm Community Edition 2021.2.3\bin;C:\Users\nbmad\AppData\Local\Programs\Microsoft VS Code\bin;C:\Users\nbmad\AppData\Roaming\Composer\vendor\bin;C:\Users\nbmad\Downloads\flutter\bin;C:\MinGW\bin;C:\Users\nbmad\AppData\Local\GitHubDesktop\bin;C:\Users\nbmad\AppData\Local\atom\bin;C:\sts-4.12.1.RELEASE;;."/>
    <property name="java.vm.info" value="mixed mode"/>
    <property name="java.vendor" value="Eclipse Adoptium"/>
    <property name="java.vm.version" value="17+35"/>
    <property name="sun.io.unicode.encoding" value="UnicodeLittle"/>
    <property name="java.class.version" value="61.0"/>
  </properties>
  <testcase name="test_Invalid_email" classname="TestCase.NopCommerce_TestCase" time="0.394">
    <system-out><![CDATA[[TestNGContentHandler] [WARN] It is strongly recommended to add "<!DOCTYPE suite SYSTEM "https://testng.org/testng-1.0.dtd" >" at the top of the suite file [C:\Users\nbmad\Documents\workspace-spring-tool-suite\TestNGdemo\nocommerce.xml] otherwise TestNG may fail or not work as expected.
Data is {"Blank":{"ConfirmEmail":"","developmentTime":"","UserName":"","CountryName":"","Lastname":"","workingYears":"","Firstname":"","mainActivity":"","TimeZone":"","password":"","confirmPassword":"","yourUrl":"","email":"","companyPrimarily":""},"MaxChracter":{"ConfirmEmail":"amitadsfjasdlkjfafsfdfjaldskjf;laskdj;lfkjasd;lkf jalskdjf;lkas jeifjasldkfjla skdjflaksjdflkjasdl;kfj;laskdjf;lkajsd;lkfjas;ldjf;lkasjd;lfjas;ldjf;laksdj;fljasiejf;laksdf;lkajsd;lfjas;dlkj;vlasdjv;lase;lfkjsaldjf;laksdm;flkjasd;lkff;lkajsd ofij elfija sl;fij sdifjeojf'aekjf;lsdjf;lskdajf ls;adkfj;asdfjsdf; sdlfjsdfsjas;ldkjf;lass","developmentTime":"amitadsfjasdlkjfafsfdfjaldskjf;laskdj;lfkjasd;lkf jalskdjf;lkas jeifjasldkfjla skdjflaksjdflkjasdl;kfj;laskdjf;lkajsd;lkfjas;ldjf;lkasjd;lfjas;ldjf;laksdj;fljasiejf;laksdf;lkajsd;lfjas;dlkj;vlasdjv;lase;lfkjsaldjf;laksdm;flkjasd;lkff;lkajsd ofij elfija sl;fij sdifjeojf'aekjf;lsdjf;lskdajf ls;adkfj;asdfjsdf; sdlfjsdfsjas;ldkjf;lassq","UserName":"famitadsfjasdlkjfafsfdfjaldskjf;laskdj;lfkjasd;lkf jalskdjf;lkas jeifjasldkfjla skdjflaksjdflkjasdl;kfj;laskdjf;lkajsd;lkfjas;ldjf;lkasjd;lfjas;ldjf;laksdj;fljasiejf;laksdf;lkajsd;lfjas;dlkj;vlasdjv;lase;lfkjsaldjf;laksdm;flkjasd;lkff;lkajsd ofij elfija sl;fij sdifjeojf'aekjf;lsdjf;lskdajf ls;adkfj;asdfjsdf; sdlfjsdfsjas;ldkjf;lass","CountryName":"gamitadsfjasdlkjfafsfdfjaldskjf;laskdj;lfkjasd;lkf jalskdjf;lkas jeifjasldkfjla skdjflaksjdflkjasdl;kfj;laskdjf;lkajsd;lkfjas;ldjf;lkasjd;lfjas;ldjf;laksdj;fljasiejf;laksdf;lkajsd;lfjas;dlkj;vlasdjv;lase;lfkjsaldjf;laksdm;flkjasd;lkff;lkajsd ofij elfija sl;fij sdifjeojf'aekjf;lsdjf;lskdajf ls;adkfj;asdfjsdf; sdlfjsdfsjas;ldkjf;lass","Lastname":"bdsfajsdlfkajsfadskf;lkas'eokf;sldvmk'asogm;sad'mf',;ladsmg';alsemf;sld'mglame'f;kasdmflk;ansdf;lknasd;lvnas;ldkvn;laskdnv;lasnd;voknsaev;,ase;lkvnasd;lkvn;.,dmd'vlkns;lrng';mng;lvasdnfk;japekljfnas;dfnlsakdjf;lksanv;lkncxbmnxc.vmzxl;kfnase;lfkn;sadlkmvoasdnf;lesnf;dsf;laksdjf lkajsdfl kjsadlf;kjsad;lkfj;asldjf;lskadjfkmzd;vlkm;slkdnv;dnsf;dlkfjasd","workingYears":"amitadsfjasdlkjfafsfdfjaldskjf;laskdj;lfkjasd;lkf jalskdjf;lkas jeifjasldkfjla skdjflaksjdflkjasdl;kfj;laskdjf;lkajsd;lkfjas;ldjf;lkasjd;lfjas;ldjf;laksdj;fljasiejf;laksdf;lkajsd;lfjas;dlkj;vlasdjv;lase;lfkjsaldjf;laksdm;flkjasd;lkff;lkajsd ofij elfija sl;fij sdifjeojf'aekjf;lsdjf;lskdajf ls;adkfj;asdfjsdf; sdlfjsdfsjas;ldkjf;lassp","Firstname":"amitadsfjasdlkjfafsfdfjaldskjf;laskdj;lfkjasd;lkf jalskdjf;lkas jeifjasldkfjla skdjflaksjdflkjasdl;kfj;laskdjf;lkajsd;lkfjas;ldjf;lkasjd;lfjas;ldjf;laksdj;fljasiejf;laksdf;lkajsd;lfjas;dlkj;vlasdjv;lase;lfkjsaldjf;laksdm;flkjasd;lkff;lkajsd ofij elfija sl;fij sdifjeojf'aekjf;lsdjf;lskdajf ls;adkfj;asdfjsdf; sdlfjsdfsjas;ldkjf;lass","mainActivity":"amitadsfjasdlkjfafsfdfjaldskjf;laskdj;lfkjasd;lkf jalskdjf;lkas jeifjasldkfjla skdjflaksjdflkjasdl;kfj;laskdjf;lkajsd;lkfjas;ldjf;lkasjd;lfjas;ldjf;laksdj;fljasiejf;laksdf;lkajsd;lfjas;dlkj;vlasdjv;lase;lfkjsaldjf;laksdm;flkjasd;lkff;lkajsd ofij elfija sl;fij sdifjeojf'aekjf;lsdjf;lskdajf ls;adkfj;asdfjsdf; sdlfjsdfsjas;ldkjf;lassm","TimeZone":"mamitadsfjasdlkjfafsfdfjaldskjf;laskdj;lfkjasd;lkf jalskdjf;lkas jeifjasldkfjla skdjflaksjdflkjasdl;kfj;laskdjf;lkajsd;lkfjas;ldjf;lkasjd;lfjas;ldjf;laksdj;fljasiejf;laksdf;lkajsd;lfjas;dlkj;vlasdjv;lase;lfkjsaldjf;laksdm;flkjasd;lkff;lkajsd ofij elfija sl;fij sdifjeojf'aekjf;lsdjf;lskdajf ls;adkfj;asdfjsdf; sdlfjsdfsjas;ldkjf;lass","password":"damitadsfjasdlkjfafsfdfjaldskjf;laskdj;lfkjasd;lkf jalskdjf;lkas jeifjasldkfjla skdjflaksjdflkjasdl;kfj;laskdjf;lkajsd;lkfjas;ldjf;lkasjd;lfjas;ldjf;laksdj;fljasiejf;laksdf;lkajsd;lfjas;dlkj;vlasdjv;lase;lfkjsaldjf;laksdm;flkjasd;lkff;lkajsd ofij elfija sl;fij sdifjeojf'aekjf;lsdjf;lskdajf ls;adkfj;asdfjsdf; sdlfjsdfsjas;ldkjf;lass","confirmPassword":"damitadsfjasdlkjfafsfdfjaldskjf;laskdj;lfkjasd;lkf jalskdjf;lkas jeifjasldkfjla skdjflaksjdflkjasdl;kfj;laskdjf;lkajsd;lkfjas;ldjf;lkasjd;lfjas;ldjf;laksdj;fljasiejf;laksdf;lkajsd;lfjas;dlkj;vlasdjv;lase;lfkjsaldjf;laksdm;flkjasd;lkff;lkajsd ofij elfija sl;fij sdifjeojf'aekjf;lsdjf;lskdajf ls;adkfj;asdfjsdf; sdlfjsdfsjas;ldkjf;lass","yourUrl":"amitadsfjasdlkjfafsfdfjaldskjf;laskdj;lfkjasd;lkf jalskdjf;lkas jeifjasldkfjla skdjflaksjdflkjasdl;kfj;laskdjf;lkajsd;lkfjas;ldjf;lkasjd;lfjas;ldjf;laksdj;fljasiejf;laksdf;lkajsd;lfjas;dlkj;vlasdjv;lase;lfkjsaldjf;laksdm;flkjasd;lkff;lkajsd ofij elfija sl;fij sdifjeojf'aekjf;lsdjf;lskdajf ls;adkfj;asdfjsdf; sdlfjsdfsjas;ldkjf;lasso","email":"amitadsfjasdlkjfafsfdfjaldskjf;laskdj;lfkjasd;lkf jalskdjf;lkas jeifjasldkfjla skdjflaksjdflkjasdl;kfj;laskdjf;lkajsd;lkfjas;ldjf;lkasjd;lfjas;ldjf;laksdj;fljasiejf;laksdf;lkajsd;lfjas;dlkj;vlasdjv;lase;lfkjsaldjf;laksdm;flkjasd;lkff;lkajsd ofij elfija sl;fij sdifjeojf'aekjf;lsdjf;lskdajf ls;adkfj;asdfjsdf; sdlfjsdfsjas;ldkjf;lass","companyPrimarily":"amitadsfjasdlkjfafsfdfjaldskjf;laskdj;lfkjasd;lkf jalskdjf;lkas jeifjasldkfjla skdjflaksjdflkjasdl;kfj;laskdjf;lkajsd;lkfjas;ldjf;lkasjd;lfjas;ldjf;laksdj;fljasiejf;laksdf;lkajsd;lfjas;dlkj;vlasdjv;lase;lfkjsaldjf;laksdm;flkjasd;lkff;lkajsd ofij elfija sl;fij sdifjeojf'aekjf;lsdjf;lskdajf ls;adkfj;asdfjsdf; sdlfjsdfsjas;ldkjf;lassv"},"NameNumberSpecialSymbol":{"ConfirmEmail":"amidfst#@@03@gmail.com","developmentTime":"1â\u20ac\u201c3 sdfa41#years","UserName":"amit_2sdf0033","CountryName":"Indfsdia","Lastname":"Nitn%#@{}*","workingYears":"6â\u20ac\u201c15aaa","Firstname":"Amit@%&#*","mainActivity":"# developer","TimeZone":"(UTC-10:00) Hawfsdafaii","password":"Pass@12@$3afsd34","confirmPassword":"Pass@1234","yourUrl":"www.googlfsdfecaefe.cofsdfm","email":"amitfsdfa03@gmail.com","companyPrimarily":"Devsdf#elops nosdfadfpCommerce extensions"},"DoubleSpace":{"ConfirmEmail":"  ","developmentTime":"  ","UserName":"  ","CountryName":"  ","Lastname":"  ","workingYears":"  ","Firstname":"  ","mainActivity":"  ","TimeZone":"  ","password":"  ","confirmPassword":"  ","yourUrl":"  ","email":"  ","companyPrimarily":"  "},"CombineNameNumberSymbol":{"ConfirmEmail":"amidfst03@gmail.com","developmentTime":"1â\u20ac\u201c3 sdfa3453441#years","UserName":"amit_2sdf0033","CountryName":"Indfsdia","Lastname":"pass@#123","workingYears":"6â\u20ac\u201c15a35435aa","Firstname":"amit@#123","mainActivity":"# develop345345er","TimeZone":"(UTC-10:00) Hawfsdafaii@#","password":"Pass@12@$3afsd34","confirmPassword":"Pass345@1234","yourUrl":"www.googlfsdfeca45345efe.cofsdfm","email":"amitfsdfa03@gmail.com","companyPrimarily":"Devsdf#elops nosd53453454fadfpCommerce extensions"},"Valid":{"ConfirmEmail":"amit034716554645@gmail.com","developmentTime":"3 years","UserName":"amit_200273371654645","CountryName":"India","Lastname":"Nitnaware","workingYears":"15","Firstname":"Amit","mainActivity":"Technical developer","TimeZone":"(UTC-10:00) Hawaii","password":"Pass@1234","ExpectedResult":"Almost done! To complete your nopCommerce registration, we just need to verify your email address. You have just been sent an email to confirm your email address. Open the email, and click the link to confirm your address","confirmPassword":"Pass@1234","yourUrl":"https://www.google.com/","email":"amit034716554645@gmail.com","companyPrimarily":"Develops nopCommerce extensions"},"OnlyNumber":{"ConfirmEmail":"453234523452","developmentTime":"2452345234523","UserName":"523452345","CountryName":"523452346236","Lastname":"53454252345234","workingYears":"754746464657456","Firstname":"12534534535243512","mainActivity":"21241324132","TimeZone":"324523452345234","password":"124313247684","confirmPassword":"9866345089","yourUrl":"23452345234","email":"34253452345","companyPrimarily":"456345634564"},"LessCharater":{"ConfirmEmail":"e","developmentTime":"q","UserName":"f","CountryName":"g","Lastname":"b","workingYears":"p","Firstname":"a","mainActivity":"m","TimeZone":"m","password":"d","confirmPassword":"d","yourUrl":"o","email":"d","companyPrimarily":"v"},"Invalid_email":{"Firstname":"Amit2311","ConfirmEmail":"amitfsdfa03gmailm","ExpectedResult":"Wrong email","Lastname":"Nitnaware3232","email":"amitfsdfa03gmailm"}}
]]></system-out>
    <system-err><![CDATA[log4j:WARN No appenders could be found for logger (io.github.bonigarcia.wdm.Preferences).
log4j:WARN Please initialize the log4j system properly.
log4j:WARN See http://logging.apache.org/log4j/1.2/faq.html#noconfig for more info.
Starting ChromeDriver 107.0.5304.62 (1eec40d3a5764881c92085aaee66d25075c159aa-refs/branch-heads/5304@{#942}) on port 9009
Only local connections are allowed.
Please see https://chromedriver.chromium.org/security-considerations for suggestions on keeping ChromeDriver safe.
ChromeDriver was started successfully.
Nov 19, 2022 10:32:36 AM org.openqa.selenium.remote.ProtocolHandshake createSession
INFO: Detected dialect: W3C
]]></system-err>
  </testcase>
  <testcase name="test_valid_data" classname="TestCase.NopCommerce_TestCase" time="12.183">
    <system-out><![CDATA[AmitNitnaware
]]></system-out>
    <system-err><![CDATA[Starting ChromeDriver 107.0.5304.62 (1eec40d3a5764881c92085aaee66d25075c159aa-refs/branch-heads/5304@{#942}) on port 30203
Only local connections are allowed.
Please see https://chromedriver.chromium.org/security-considerations for suggestions on keeping ChromeDriver safe.
ChromeDriver was started successfully.
Nov 19, 2022 10:32:54 AM org.openqa.selenium.remote.ProtocolHandshake createSession
INFO: Detected dialect: W3C
org.openqa.selenium.NoSuchElementException: Cannot locate element with text: 3 years
For documentation on this error, please visit: http://seleniumhq.org/exceptions/no_such_element.html
Build info: version: '3.4.0', revision: 'unknown', time: 'unknown'
System info: host: 'LAPTOP-DC5PIR4N', ip: '172.20.10.2', os.name: 'Windows 10', os.arch: 'amd64', os.version: '10.0', java.version: '17'
Driver info: driver.version: unknown
	at org.openqa.selenium.support.ui.Select.selectByVisibleText(Select.java:151)
	at PO.PO_NopCommerce.selectWebsitesDevelopmentPeriodId(PO_NopCommerce.java:207)
	at PO.PO_NopCommerce.valid_Data(PO_NopCommerce.java:297)
	at TestCase.NopCommerce_TestCase.test_valid_data(NopCommerce_TestCase.java:108)
	at java.base/jdk.internal.reflect.NativeMethodAccessorImpl.invoke0(Native Method)
	at java.base/jdk.internal.reflect.NativeMethodAccessorImpl.invoke(NativeMethodAccessorImpl.java:77)
	at java.base/jdk.internal.reflect.DelegatingMethodAccessorImpl.invoke(DelegatingMethodAccessorImpl.java:43)
	at java.base/java.lang.reflect.Method.invoke(Method.java:568)
	at org.testng.internal.MethodInvocationHelper.invokeMethod(MethodInvocationHelper.java:133)
	at org.testng.internal.TestInvoker.invokeMethod(TestInvoker.java:598)
	at org.testng.internal.TestInvoker.invokeTestMethod(TestInvoker.java:173)
	at org.testng.internal.MethodRunner.runInSequence(MethodRunner.java:46)
	at org.testng.internal.TestInvoker$MethodInvocationAgent.invoke(TestInvoker.java:824)
	at org.testng.internal.TestInvoker.invokeTestMethods(TestInvoker.java:146)
	at org.testng.internal.TestMethodWorker.invokeTestMethods(TestMethodWorker.java:146)
	at org.testng.internal.TestMethodWorker.run(TestMethodWorker.java:128)
	at java.base/java.util.ArrayList.forEach(ArrayList.java:1511)
	at org.testng.TestRunner.privateRun(TestRunner.java:794)
	at org.testng.TestRunner.run(TestRunner.java:596)
	at org.testng.SuiteRunner.runTest(SuiteRunner.java:377)
	at org.testng.SuiteRunner.runSequentially(SuiteRunner.java:371)
	at org.testng.SuiteRunner.privateRun(SuiteRunner.java:332)
	at org.testng.SuiteRunner.run(SuiteRunner.java:276)
	at org.testng.SuiteRunnerWorker.runSuite(SuiteRunnerWorker.java:53)
	at org.testng.SuiteRunnerWorker.run(SuiteRunnerWorker.java:96)
	at org.testng.TestNG.runSuitesSequentially(TestNG.java:1212)
	at org.testng.TestNG.runSuitesLocally(TestNG.java:1134)
	at org.testng.TestNG.runSuites(TestNG.java:1063)
	at org.testng.TestNG.run(TestNG.java:1031)
	at org.apache.maven.surefire.testng.TestNGExecutor.run(TestNGExecutor.java:324)
	at org.apache.maven.surefire.testng.TestNGXmlTestSuite.execute(TestNGXmlTestSuite.java:74)
	at org.apache.maven.surefire.testng.TestNGProvider.invoke(TestNGProvider.java:123)
	at org.apache.maven.surefire.booter.ForkedBooter.runSuitesInProcess(ForkedBooter.java:456)
	at org.apache.maven.surefire.booter.ForkedBooter.execute(ForkedBooter.java:169)
	at org.apache.maven.surefire.booter.ForkedBooter.run(ForkedBooter.java:595)
	at org.apache.maven.surefire.booter.ForkedBooter.main(ForkedBooter.java:581)
]]></system-err>
  </testcase>
</testsuite>