<?xml version="1.0" encoding="UTF-8"?>
<!-- Generated by org.testng.reporters.JUnitReportReporter -->
<testsuite hostname="LAPTOP-DC5PIR4N" failures="0" tests="2" name="TestCase.NopCommerce_TestCase" time="68.602" errors="0" timestamp="2022-11-19T10:33:44 IST" skipped="0">
  <testcase classname="TestCase.NopCommerce_TestCase" name="test_valid_data" time="49.560"/>
  <system-out/>
  <testcase classname="TestCase.NopCommerce_TestCase" name="test_Invalid_email" time="19.042"/>
  <system-out/>
</testsuite> <!-- TestCase.NopCommerce_TestCase -->
